2024-03-31 10:25:11 - Processing Event: Event{customer='erik', timestamp=1711873510778, content='Das ist der content'}
2024-03-31 10:25:11 - Processing Event: RoomBookedEvent{bookingID=123456, customer='erik', roomID=1, duration=2024-04-20}
2024-03-31 10:44:45 - Processing Event: Event{customer='erik', timestamp=1711874685138, content='Das ist der content'}
2024-03-31 10:44:45 - Processing Event: RoomBookedEvent{bookingID=123456, customer='erik', roomID=1, duration=2024-04-20}
2024-04-06 09:36:50 - Processing Event: Event{customer='markus', timestamp=1712389010128, content='This is a test booking'}
2024-04-06 10:42:02 - Processing Event: Event{customer='markus', timestamp=1712392922247, content='This is a test booking'}
2024-04-06 10:42:03 - Processing Event: RoomBookedEvent{bookingID=99, customer='markus', roomID=1, duration=2024-03-25}
2024-04-06 10:44:35 - Processing Event: Event{customer='markus', timestamp=1712393075724, content='This is a test booking'}
2024-04-06 10:44:35 - Processing Event: RoomBookedEvent{bookingID=99, customer='markus', roomID=1, duration=2024-03-26}
2024-04-06 10:54:48 - Processing Event: Event{customer='markus', timestamp=1712393687699, content='This is a test booking'}
2024-04-06 10:54:48 - Processing Event: RoomBookedEvent{bookingID=null, customer='markus', roomID=1, duration=2024-03-26}
2024-04-06 10:57:30 - Processing Event: Event{customer='markus', timestamp=1712393850398, content='This is a test booking'}
2024-04-06 10:57:30 - Processing Event: RoomBookedEvent{bookingID=null, customer='markus', roomID=2, duration=2024-03-26}
2024-04-06 10:59:29 - Processing Event: Event{customer='markus', timestamp=1712393969325, content='This is a test booking'}
2024-04-06 10:59:29 - Processing Event: RoomBookedEvent{bookingID=null, customer='markus', roomID=1, duration=2024-03-26}
2024-04-06 11:00:17 - Processing Event: Event{customer='markus', timestamp=1712394017602, content='This is a test booking'}
2024-04-06 11:00:17 - Processing Event: RoomBookedEvent{bookingID=99, customer='markus', roomID=1, duration=2024-03-26}
2024-04-06 11:01:49 - Processing Event: Event{customer='markus', timestamp=1712394108964, content='This is a test booking'}
2024-04-06 11:01:49 - Processing Event: RoomBookedEvent{bookingID=99, customer='markus', roomID=1, duration=2024-03-26}
2024-04-06 11:05:02 - Processing Event: Event{customer='markus', timestamp=1712394302440, content='This is a test booking'}
2024-04-06 11:06:13 - Processing Event: Event{customer='markus', timestamp=1712394372634, content='This is a test booking'}
2024-04-06 11:09:36 - Processing Event: Event{customer='markus', timestamp=1712394576279, content='This is a test booking'}
2024-04-06 11:09:37 - Processing Event: RoomBookedEvent{bookingID=99, customer='markus', roomID=1, duration=2024-03-26}
2024-04-06 11:12:52 - Processing Event: Event{customer='markus', timestamp=1712394772083, content='This is a test booking'}
2024-04-06 11:14:16 - Processing Event: Event{customer='markus', timestamp=1712394856302, content='This is a test booking'}
2024-04-06 11:16:41 - Processing Event: Event{customer='markus', timestamp=1712395000985, content='This is a test booking'}
2024-04-06 11:18:02 - Processing Event: RoomBookedEvent{bookingID=99, customer='markus', roomID=2, duration=2024-03-26}
2024-04-06 11:18:02 - Processing Event: Event{customer='markus', timestamp=1712395082928, content='This is a test booking'}
2024-04-06 11:24:18 - Processing Event: RoomBookedEvent{bookingID=99, customer='markus', roomID=2, duration=2024-03-26}
2024-04-06 11:24:19 - Processing Event: Event{customer='markus', timestamp=1712395458132, content='This is a test booking'}
2024-04-06 11:26:29 - Processing Event: RoomBookedEvent{bookingID=99, customer='markus', roomID=2, duration=2024-03-26}
2024-04-06 11:26:29 - Processing Event: Event{customer='markus', timestamp=1712395588419, content='This is a test booking'}
2024-04-06 11:28:11 - Processing Event: RoomBookedEvent{bookingID=99, customer='markus', roomID=2, duration=2024-03-26}
2024-04-06 11:28:12 - Processing Event: Event{customer='markus', timestamp=1712395691040, content='This is a test booking'}
2024-04-06 11:29:43 - Processing Event: RoomBookedEvent{bookingID=99, customer='markus', roomID=2, duration=2024-03-26}
2024-04-06 11:29:44 - Processing Event: Event{customer='markus', timestamp=1712395783014, content='This is a test booking'}
2024-04-06 13:22:28 - Processing Event: RoomBookedEvent{bookingID=99, customer='markus', roomID=2, start=2024-03-23, end=2024-03-30}
2024-04-06 13:22:29 - Processing Event: Event{customer='markus', timestamp=1712402547827, content='This is a test booking'}
2024-04-06 13:30:07 - Processing Event: RoomBookedEvent{bookingID=99, customer='markus', roomID=2, start=2024-03-23, end=2024-03-30}
2024-04-06 13:30:08 - Processing Event: Event{customer='markus', timestamp=1712403007091, content='This is a test booking'}
2024-04-06 13:42:58 - Processing Event: RoomBookedEvent{bookingID=99, customer='markus', roomID=2, start=2024-03-23, end=2024-03-30}
2024-04-06 13:42:58 - Processing Event: Event{customer='markus', timestamp=1712403777906, content='This is a test booking'}
2024-04-06 13:44:54 - Processing Event: RoomBookedEvent{bookingID=99, customer='markus', roomID=2, start=2024-03-23, end=2024-03-30}
2024-04-06 13:44:55 - Processing Event: Event{customer='markus', timestamp=1712403894238, content='This is a test booking'}
2024-04-06 13:54:31 - Processing Event: RoomBookedEvent{bookingID=99, customer='markus', roomID=2, start=2024-03-23, end=2024-03-30}
2024-04-06 13:54:31 - Processing Event: Event{customer='markus', timestamp=1712404470758, content='This is a test booking'}
2024-04-06 13:56:14 - Processing Event: RoomBookedEvent{bookingID=99, customer='markus', roomID=2, start=2024-03-23, end=2024-03-30}
2024-04-06 13:56:15 - Processing Event: Event{customer='markus', timestamp=1712404573847, content='This is a test booking'}
